2018-09-09 10:09:829 INFO  TestBase:135 - Initialize Web driver: 2101249621
2018-09-09 10:09:876 INFO  WaitHelper:31 - WaitHelper object created..
2018-09-09 10:09:877 INFO  WaitHelper:41 - Implicit Wait has been set to: 120
2018-09-09 10:09:888 INFO  WaitHelper:144 - waiting for page to load for : SECONDS seconds
2018-09-09 10:09:894 INFO  WaitHelper:146 - page is loaded
2018-09-09 10:09:99 INFO  TestBase:76 - **************testLoginToApplicationStarted***************
2018-09-09 10:09:568 INFO  WaitHelper:31 - WaitHelper object created..
2018-09-09 10:09:588 INFO  WaitHelper:156 - waiting for :[[ChromeDriver: chrome on XP (4b349f0dbc979dc9c12ec27afb6dd17f)] -> xpath: //*[@id='header']/div[2]/div/div/nav/div[1]/a] for :200 seconds
2018-09-09 10:09:626 INFO  WaitHelper:159 - element is visible now
2018-09-09 10:09:626 INFO  TestBase:168 - capturing ui navigation screen...
2018-09-09 10:09:627 INFO  JavaScriptHelper:22 - JavaScriptHelper has been initialised
2018-09-09 10:09:14 INFO  JavaScriptHelper:22 - JavaScriptHelper has been initialised
2018-09-09 10:09:36 INFO  LoginPage:69 - clicked on sign in link...
2018-09-09 10:09:297 INFO  LoginPage:75 - entering email address....1529686406836@gmail.com
2018-09-09 10:09:409 INFO  LoginPage:81 - entering password....password
2018-09-09 10:09:483 INFO  LoginPage:87 - clicking on submit button...
2018-09-09 10:09:484 INFO  JavaScriptHelper:22 - JavaScriptHelper has been initialised
2018-09-09 10:09:484 INFO  JavaScriptHelper:88 - scrolling down vertically...
2018-09-09 10:09:419 INFO  WaitHelper:31 - WaitHelper object created..
2018-09-09 10:09:445 INFO  WaitHelper:156 - waiting for :[[ChromeDriver: chrome on XP (4b349f0dbc979dc9c12ec27afb6dd17f)] -> xpath: //*[@id='block_top_menu']/ul/li[1]/a] for :200 seconds
2018-09-09 10:09:476 INFO  WaitHelper:159 - element is visible now
2018-09-09 10:09:476 INFO  TestBase:168 - capturing ui navigation screen...
2018-09-09 10:09:476 INFO  JavaScriptHelper:22 - JavaScriptHelper has been initialised
2018-09-09 10:09:774 INFO  JavaScriptHelper:22 - JavaScriptHelper has been initialised
2018-09-09 10:09:850 INFO  VerificationHelper:26 - element is Displayed..Welcome to your account. Here you can manage all of your personal information and orders.
2018-09-09 10:09:877 INFO  TestBase:94 - **************testLoginToApplicationFinished***************
2018-09-09 10:09:951 INFO  TestBase:135 - Initialize Web driver: 1926004335
2018-09-09 10:09:31 INFO  WaitHelper:31 - WaitHelper object created..
2018-09-09 10:09:31 INFO  WaitHelper:41 - Implicit Wait has been set to: 120
2018-09-09 10:09:35 INFO  WaitHelper:144 - waiting for page to load for : SECONDS seconds
2018-09-09 10:09:38 INFO  WaitHelper:146 - page is loaded
2018-09-09 10:09:216 INFO  TestBase:76 - **************testLoginToApplicationStarted***************
2018-09-09 10:09:131 INFO  WaitHelper:31 - WaitHelper object created..
2018-09-09 10:09:161 INFO  WaitHelper:156 - waiting for :[[ChromeDriver: chrome on XP (366d3c3d6480e1153e5565a573d43d33)] -> xpath: //*[@id='header']/div[2]/div/div/nav/div[1]/a] for :200 seconds
2018-09-09 10:09:203 INFO  WaitHelper:159 - element is visible now
2018-09-09 10:09:204 INFO  TestBase:168 - capturing ui navigation screen...
2018-09-09 10:09:206 INFO  JavaScriptHelper:22 - JavaScriptHelper has been initialised
2018-09-09 10:09:639 INFO  JavaScriptHelper:22 - JavaScriptHelper has been initialised
2018-09-09 10:09:648 INFO  LoginPage:69 - clicked on sign in link...
2018-09-09 10:09:550 INFO  LoginPage:75 - entering email address....1529686406836@gmail.com
2018-09-09 10:09:660 INFO  LoginPage:81 - entering password....password
2018-09-09 10:09:735 INFO  LoginPage:87 - clicking on submit button...
2018-09-09 10:09:736 INFO  JavaScriptHelper:22 - JavaScriptHelper has been initialised
2018-09-09 10:09:736 INFO  JavaScriptHelper:88 - scrolling down vertically...
2018-09-09 10:09:585 INFO  WaitHelper:31 - WaitHelper object created..
2018-09-09 10:09:606 INFO  WaitHelper:156 - waiting for :[[ChromeDriver: chrome on XP (366d3c3d6480e1153e5565a573d43d33)] -> xpath: //*[@id='block_top_menu']/ul/li[1]/a] for :200 seconds
2018-09-09 10:09:630 INFO  WaitHelper:159 - element is visible now
2018-09-09 10:09:631 INFO  TestBase:168 - capturing ui navigation screen...
2018-09-09 10:09:631 INFO  JavaScriptHelper:22 - JavaScriptHelper has been initialised
2018-09-09 10:09:964 INFO  JavaScriptHelper:22 - JavaScriptHelper has been initialised
2018-09-09 10:09:38 INFO  VerificationHelper:26 - element is Displayed..Welcome to your account. Here you can manage all of your personal information and orders.
2018-09-09 10:09:56 INFO  TestBase:94 - **************testLoginToApplicationFinished***************
2018-09-09 10:09:840 INFO  TestBase:135 - Initialize Web driver: 171809144
2018-09-09 10:09:841 INFO  WaitHelper:31 - WaitHelper object created..
2018-09-09 10:09:841 INFO  WaitHelper:41 - Implicit Wait has been set to: 120
2018-09-09 10:09:844 INFO  WaitHelper:144 - waiting for page to load for : SECONDS seconds
2018-09-09 10:09:845 INFO  WaitHelper:146 - page is loaded
2018-09-09 10:09:998 INFO  TestBase:76 - **************testRegistrationStarted***************
2018-09-09 10:09:554 INFO  WaitHelper:31 - WaitHelper object created..
2018-09-09 10:09:586 INFO  WaitHelper:156 - waiting for :[[ChromeDriver: chrome on XP (81cb2b8b202f43c62e68861994ca05cc)] -> xpath: //*[@id='header']/div[2]/div/div/nav/div[1]/a] for :200 seconds
2018-09-09 10:09:611 INFO  WaitHelper:159 - element is visible now
2018-09-09 10:09:611 INFO  TestBase:168 - capturing ui navigation screen...
2018-09-09 10:09:611 INFO  JavaScriptHelper:22 - JavaScriptHelper has been initialised
2018-09-09 10:09:959 INFO  JavaScriptHelper:22 - JavaScriptHelper has been initialised
2018-09-09 10:09:980 INFO  LoginPage:69 - clicked on sign in link...
2018-09-09 10:09:310 INFO  LoginPage:102 - entering registration email..1536468632310@gmail.com
2018-09-09 10:09:531 INFO  WaitHelper:31 - WaitHelper object created..
2018-09-09 10:09:275 INFO  WaitHelper:156 - waiting for :[[ChromeDriver: chrome on XP (81cb2b8b202f43c62e68861994ca05cc)] -> xpath: //*[@id='id_gender1']] for :200 seconds
2018-09-09 10:09:301 INFO  WaitHelper:159 - element is visible now
2018-09-09 10:09:301 INFO  TestBase:168 - capturing ui navigation screen...
2018-09-09 10:09:301 INFO  JavaScriptHelper:22 - JavaScriptHelper has been initialised
2018-09-09 10:09:614 INFO  JavaScriptHelper:22 - JavaScriptHelper has been initialised
2018-09-09 10:09:620 INFO  RegistrationPage:105 - selecting mr checkbox..
2018-09-09 10:09:697 INFO  RegistrationPage:117 - entering firstName..firstName
2018-09-09 10:09:806 INFO  RegistrationPage:123 - entering lastname..lastname
2018-09-09 10:09:943 INFO  RegistrationPage:135 - entering password..password
2018-09-09 10:09:28 INFO  RegistrationPage:203 - entering address..address
2018-09-09 10:09:632 INFO  RegistrationPage:185 - entering yourAddressFirstName..yourAddressFirstName
2018-09-09 10:09:776 INFO  RegistrationPage:191 - entering yourAddressLastName..yourAddressLastName
2018-09-09 10:09:911 INFO  RegistrationPage:197 - entering yourAddressCompany..yourAddressCompany
2018-09-09 10:09:37 INFO  RegistrationPage:215 - entering yourAddressCity..yourAddressCity
2018-09-09 10:09:153 INFO  RegistrationPage:221 - entering yourAddressState..Alaska
2018-09-09 10:09:272 INFO  RegistrationPage:227 - entering yourAddressPostCode..99501
2018-09-09 10:09:353 INFO  RegistrationPage:245 - entering mobilePhone..9999999999
2018-09-09 10:09:452 INFO  RegistrationPage:251 - entering addressAlias..addressAlias
2018-09-09 10:09:566 INFO  RegistrationPage:257 - clicked on registration..[[ChromeDriver: chrome on XP (81cb2b8b202f43c62e68861994ca05cc)] -> xpath: //*[@id='submitAccount']]
2018-09-09 10:09:132 INFO  WaitHelper:31 - WaitHelper object created..
2018-09-09 10:09:155 INFO  WaitHelper:156 - waiting for :[[ChromeDriver: chrome on XP (81cb2b8b202f43c62e68861994ca05cc)] -> xpath: //*[contains(text(),'Order history and details')]] for :200 seconds
2018-09-09 10:09:178 INFO  WaitHelper:159 - element is visible now
2018-09-09 10:09:179 INFO  TestBase:168 - capturing ui navigation screen...
2018-09-09 10:09:179 INFO  JavaScriptHelper:22 - JavaScriptHelper has been initialised
2018-09-09 10:09:497 INFO  JavaScriptHelper:22 - JavaScriptHelper has been initialised
2018-09-09 10:09:600 INFO  VerificationHelper:26 - element is Displayed..Welcome to your account. Here you can manage all of your personal information and orders.
2018-09-09 10:09:617 INFO  TestBase:94 - **************testRegistrationFinished***************
2018-09-09 10:09:186 INFO  TestBase:135 - Initialize Web driver: 616207929
2018-09-09 10:09:186 INFO  WaitHelper:31 - WaitHelper object created..
2018-09-09 10:09:186 INFO  WaitHelper:41 - Implicit Wait has been set to: 120
2018-09-09 10:09:190 INFO  WaitHelper:144 - waiting for page to load for : SECONDS seconds
2018-09-09 10:09:193 INFO  WaitHelper:146 - page is loaded
2018-09-09 10:09:342 INFO  TestBase:76 - **************verifyLowestFirstPriceListInProduct_deatilsPageStarted***************
2018-09-09 10:09:111 INFO  WaitHelper:31 - WaitHelper object created..
2018-09-09 10:09:134 INFO  WaitHelper:156 - waiting for :[[ChromeDriver: chrome on XP (bc91efc3e8eee25fbbaedfa79df91d11)] -> xpath: //*[@id='block_top_menu']/ul/li[1]/a] for :200 seconds
2018-09-09 10:09:159 INFO  WaitHelper:159 - element is visible now
2018-09-09 10:09:159 INFO  TestBase:168 - capturing ui navigation screen...
2018-09-09 10:09:159 INFO  JavaScriptHelper:22 - JavaScriptHelper has been initialised
2018-09-09 10:09:521 INFO  JavaScriptHelper:22 - JavaScriptHelper has been initialised
2018-09-09 10:09:574 INFO  NavigationMenu:61 - clickin on : WOMEN
2018-09-09 10:09:494 INFO  WaitHelper:31 - WaitHelper object created..
2018-09-09 10:09:526 INFO  WaitHelper:156 - waiting for :[[ChromeDriver: chrome on XP (bc91efc3e8eee25fbbaedfa79df91d11)] -> xpath: //*[@id='layered_block_left']/p] for :200 seconds
2018-09-09 10:09:548 INFO  WaitHelper:159 - element is visible now
2018-09-09 10:09:549 INFO  TestBase:168 - capturing ui navigation screen...
2018-09-09 10:09:549 INFO  JavaScriptHelper:22 - JavaScriptHelper has been initialised
2018-09-09 10:09:903 INFO  JavaScriptHelper:22 - JavaScriptHelper has been initialised
2018-09-09 10:09:931 INFO  DropDownHelper:25 - DropDownHelper object created..
2018-09-09 10:09:968 INFO  DropDownHelper:42 - selectUsingVisibleText and visibleText is: Price: Lowest first
2018-09-09 10:09:112 INFO  ProductCategoryPage:168 - 16.40
2018-09-09 10:09:146 INFO  ProductCategoryPage:168 - 16.51
2018-09-09 10:09:163 INFO  ProductCategoryPage:168 - 26.00
2018-09-09 10:09:180 INFO  ProductCategoryPage:168 - 27.00
2018-09-09 10:09:198 INFO  ProductCategoryPage:168 - 28.98
2018-09-09 10:09:231 INFO  ProductCategoryPage:168 - 30.50
2018-09-09 10:09:248 INFO  ProductCategoryPage:168 - 50.99
2018-09-09 10:09:248 INFO  ProductCategoryPage:152 - obj.get(i)..16
2018-09-09 10:09:248 INFO  ProductCategoryPage:153 - obj.get(i+1)..16
2018-09-09 10:09:249 INFO  ProductCategoryPage:152 - obj.get(i)..16
2018-09-09 10:09:249 INFO  ProductCategoryPage:153 - obj.get(i+1)..26
2018-09-09 10:09:249 INFO  ProductCategoryPage:152 - obj.get(i)..26
2018-09-09 10:09:249 INFO  ProductCategoryPage:153 - obj.get(i+1)..27
2018-09-09 10:09:249 INFO  ProductCategoryPage:152 - obj.get(i)..27
2018-09-09 10:09:249 INFO  ProductCategoryPage:153 - obj.get(i+1)..28
2018-09-09 10:09:249 INFO  ProductCategoryPage:152 - obj.get(i)..28
2018-09-09 10:09:250 INFO  ProductCategoryPage:153 - obj.get(i+1)..30
2018-09-09 10:09:250 INFO  ProductCategoryPage:152 - obj.get(i)..30
2018-09-09 10:09:250 INFO  ProductCategoryPage:153 - obj.get(i+1)..50
2018-09-09 10:09:250 INFO  TestBase:94 - **************verifyLowestFirstPriceListInProduct_deatilsPageFinished***************
2018-09-09 10:09:858 INFO  TestBase:135 - Initialize Web driver: 1683662486
2018-09-09 10:09:862 INFO  WaitHelper:31 - WaitHelper object created..
2018-09-09 10:09:863 INFO  WaitHelper:41 - Implicit Wait has been set to: 120
2018-09-09 10:09:867 INFO  WaitHelper:144 - waiting for page to load for : SECONDS seconds
2018-09-09 10:09:870 INFO  WaitHelper:146 - page is loaded
2018-09-09 10:09:41 INFO  TestBase:76 - **************testLoginToApplicationStarted***************
2018-09-09 10:09:291 INFO  WaitHelper:31 - WaitHelper object created..
2018-09-09 10:09:313 INFO  WaitHelper:156 - waiting for :[[ChromeDriver: chrome on XP (ad45192220f36dd23a7a16ab8365428c)] -> xpath: //*[@id='header']/div[2]/div/div/nav/div[1]/a] for :200 seconds
2018-09-09 10:09:344 INFO  WaitHelper:159 - element is visible now
2018-09-09 10:09:345 INFO  TestBase:168 - capturing ui navigation screen...
2018-09-09 10:09:346 INFO  JavaScriptHelper:22 - JavaScriptHelper has been initialised
2018-09-09 10:09:574 INFO  JavaScriptHelper:22 - JavaScriptHelper has been initialised
2018-09-09 10:09:597 INFO  LoginPage:69 - clicked on sign in link...
2018-09-09 10:09:426 INFO  LoginPage:75 - entering email address....1529686406836@gmail.com
2018-09-09 10:09:520 INFO  LoginPage:81 - entering password....password
2018-09-09 10:09:594 INFO  LoginPage:87 - clicking on submit button...
2018-09-09 10:09:595 INFO  JavaScriptHelper:22 - JavaScriptHelper has been initialised
2018-09-09 10:09:595 INFO  JavaScriptHelper:88 - scrolling down vertically...
2018-09-09 10:09:751 INFO  WaitHelper:31 - WaitHelper object created..
2018-09-09 10:09:768 INFO  WaitHelper:156 - waiting for :[[ChromeDriver: chrome on XP (ad45192220f36dd23a7a16ab8365428c)] -> xpath: //*[@id='block_top_menu']/ul/li[1]/a] for :200 seconds
2018-09-09 10:09:794 INFO  WaitHelper:159 - element is visible now
2018-09-09 10:09:794 INFO  TestBase:168 - capturing ui navigation screen...
2018-09-09 10:09:795 INFO  JavaScriptHelper:22 - JavaScriptHelper has been initialised
2018-09-09 10:09:138 INFO  JavaScriptHelper:22 - JavaScriptHelper has been initialised
2018-09-09 10:09:219 INFO  VerificationHelper:26 - element is Displayed..Welcome to your account. Here you can manage all of your personal information and orders.
2018-09-09 10:09:236 INFO  TestBase:94 - **************testLoginToApplicationFinished***************
2018-09-09 10:09:993 INFO  TestBase:135 - Initialize Web driver: 1724457619
2018-09-09 10:09:994 INFO  WaitHelper:31 - WaitHelper object created..
2018-09-09 10:09:994 INFO  WaitHelper:41 - Implicit Wait has been set to: 120
2018-09-09 10:09:998 INFO  WaitHelper:144 - waiting for page to load for : SECONDS seconds
2018-09-09 10:09:02 INFO  WaitHelper:146 - page is loaded
2018-09-09 10:09:287 INFO  TestBase:76 - **************testRegistrationStarted***************
2018-09-09 10:09:386 INFO  WaitHelper:31 - WaitHelper object created..
2018-09-09 10:09:406 INFO  WaitHelper:156 - waiting for :[[ChromeDriver: chrome on XP (49095012154c0f19e1bb0a75b1941f8a)] -> xpath: //*[@id='header']/div[2]/div/div/nav/div[1]/a] for :200 seconds
2018-09-09 10:09:432 INFO  WaitHelper:159 - element is visible now
2018-09-09 10:09:433 INFO  TestBase:168 - capturing ui navigation screen...
2018-09-09 10:09:433 INFO  JavaScriptHelper:22 - JavaScriptHelper has been initialised
2018-09-09 10:09:708 INFO  JavaScriptHelper:22 - JavaScriptHelper has been initialised
2018-09-09 10:09:728 INFO  LoginPage:69 - clicked on sign in link...
2018-09-09 10:09:667 INFO  LoginPage:102 - entering registration email..1536469599667@gmail.com
2018-09-09 10:09:853 INFO  WaitHelper:31 - WaitHelper object created..
2018-09-09 10:09:263 INFO  WaitHelper:156 - waiting for :[[ChromeDriver: chrome on XP (49095012154c0f19e1bb0a75b1941f8a)] -> xpath: //*[@id='id_gender1']] for :200 seconds
2018-09-09 10:09:304 INFO  TestBase:135 - Initialize Web driver: 434437292
2018-09-09 10:09:305 INFO  WaitHelper:31 - WaitHelper object created..
2018-09-09 10:09:305 INFO  WaitHelper:41 - Implicit Wait has been set to: 120
2018-09-09 10:09:309 INFO  WaitHelper:144 - waiting for page to load for : SECONDS seconds
2018-09-09 10:09:313 INFO  WaitHelper:146 - page is loaded
2018-09-09 10:09:466 INFO  TestBase:76 - **************verifyLowestFirstPriceListInProduct_deatilsPageStarted***************
2018-09-09 10:09:188 INFO  WaitHelper:31 - WaitHelper object created..
2018-09-09 10:09:240 INFO  WaitHelper:156 - waiting for :[[ChromeDriver: chrome on XP (ce40c2b022523e820095c4b7c8770cdc)] -> xpath: //*[@id='block_top_menu']/ul/li[1]/a] for :200 seconds
2018-09-09 10:09:286 INFO  WaitHelper:159 - element is visible now
2018-09-09 10:09:287 INFO  TestBase:168 - capturing ui navigation screen...
2018-09-09 10:09:287 INFO  JavaScriptHelper:22 - JavaScriptHelper has been initialised
2018-09-09 10:09:786 INFO  JavaScriptHelper:22 - JavaScriptHelper has been initialised
2018-09-09 10:09:854 INFO  NavigationMenu:61 - clickin on : WOMEN
2018-09-09 10:09:914 INFO  WaitHelper:31 - WaitHelper object created..
2018-09-09 10:09:939 INFO  WaitHelper:156 - waiting for :[[ChromeDriver: chrome on XP (ce40c2b022523e820095c4b7c8770cdc)] -> xpath: //*[@id='layered_block_left']/p] for :200 seconds
2018-09-09 10:09:963 INFO  WaitHelper:159 - element is visible now
2018-09-09 10:09:963 INFO  TestBase:168 - capturing ui navigation screen...
2018-09-09 10:09:963 INFO  JavaScriptHelper:22 - JavaScriptHelper has been initialised
2018-09-09 10:09:323 INFO  JavaScriptHelper:22 - JavaScriptHelper has been initialised
2018-09-09 10:09:352 INFO  DropDownHelper:25 - DropDownHelper object created..
2018-09-09 10:09:394 INFO  DropDownHelper:42 - selectUsingVisibleText and visibleText is: Price: Lowest first
2018-09-09 10:09:522 INFO  ProductCategoryPage:168 - 16.40
2018-09-09 10:09:557 INFO  ProductCategoryPage:168 - 16.51
2018-09-09 10:09:575 INFO  ProductCategoryPage:168 - 26.00
2018-09-09 10:09:592 INFO  ProductCategoryPage:168 - 27.00
2018-09-09 10:09:609 INFO  ProductCategoryPage:168 - 28.98
2018-09-09 10:09:641 INFO  ProductCategoryPage:168 - 30.50
2018-09-09 10:09:657 INFO  ProductCategoryPage:168 - 50.99
2018-09-09 10:09:657 INFO  ProductCategoryPage:152 - obj.get(i)..16
2018-09-09 10:09:657 INFO  ProductCategoryPage:153 - obj.get(i+1)..16
2018-09-09 10:09:658 INFO  ProductCategoryPage:152 - obj.get(i)..16
2018-09-09 10:09:658 INFO  ProductCategoryPage:153 - obj.get(i+1)..26
2018-09-09 10:09:658 INFO  ProductCategoryPage:152 - obj.get(i)..26
2018-09-09 10:09:658 INFO  ProductCategoryPage:153 - obj.get(i+1)..27
2018-09-09 10:09:658 INFO  ProductCategoryPage:152 - obj.get(i)..27
2018-09-09 10:09:658 INFO  ProductCategoryPage:153 - obj.get(i+1)..28
2018-09-09 10:09:658 INFO  ProductCategoryPage:152 - obj.get(i)..28
2018-09-09 10:09:658 INFO  ProductCategoryPage:153 - obj.get(i+1)..30
2018-09-09 10:09:658 INFO  ProductCategoryPage:152 - obj.get(i)..30
2018-09-09 10:09:659 INFO  ProductCategoryPage:153 - obj.get(i+1)..50
2018-09-09 10:09:659 INFO  TestBase:94 - **************verifyLowestFirstPriceListInProduct_deatilsPageFinished***************
2018-09-11 17:09:515 INFO  TestBase:131 - Initialize Web driver: 1651162064
2018-09-11 17:09:556 INFO  WaitHelper:27 - WaitHelper object created..
2018-09-11 17:09:557 INFO  WaitHelper:37 - Implicit Wait has been set to: 120
2018-09-11 17:09:567 INFO  WaitHelper:140 - waiting for page to load for : SECONDS seconds
2018-09-11 17:09:573 INFO  WaitHelper:142 - page is loaded
2018-09-11 17:09:793 INFO  TestBase:72 - **************testRegistrationStarted***************
2018-09-11 17:09:273 INFO  WaitHelper:27 - WaitHelper object created..
2018-09-11 17:09:407 INFO  WaitHelper:152 - waiting for :Proxy element for: DefaultElementLocator 'By.xpath: //*[@id='header']/div[2]/div/div/nav/div[1]/a' for :200 seconds
2018-09-11 17:09:705 INFO  TestBase:90 - **************testRegistrationFinished***************
2018-09-11 17:09:170 INFO  TestBase:131 - Initialize Web driver: 983595261
2018-09-11 17:09:172 INFO  WaitHelper:27 - WaitHelper object created..
2018-09-11 17:09:173 INFO  WaitHelper:37 - Implicit Wait has been set to: 120
2018-09-11 17:09:176 INFO  WaitHelper:140 - waiting for page to load for : SECONDS seconds
2018-09-11 17:09:178 INFO  WaitHelper:142 - page is loaded
2018-09-11 17:09:352 INFO  TestBase:72 - **************testLoginStarted***************
2018-09-11 17:09:360 INFO  AssertionHelper:17 - making script PASS..
2018-09-11 17:09:366 INFO  TestBase:90 - **************testLoginFinished***************
2018-09-11 17:09:551 INFO  TestBase:72 - **************testLogin1Started***************
2018-09-11 17:09:554 INFO  AssertionHelper:27 - making script FAIL..
2018-09-11 17:09:819 INFO  TestBase:90 - **************testLogin1Finished***************
2018-09-11 17:09:855 INFO  TestBase:72 - **************testLogin2Started***************
2018-09-11 17:09:856 INFO  AssertionHelper:17 - making script PASS..
2018-09-11 17:09:857 INFO  TestBase:90 - **************testLogin2Finished***************
2018-09-11 17:09:892 INFO  TestBase:72 - **************testLogin3Started***************
2018-09-11 17:09:893 INFO  AssertionHelper:27 - making script FAIL..
2018-09-11 17:09:151 INFO  TestBase:90 - **************testLogin3Finished***************
2018-09-11 17:09:179 INFO  TestBase:72 - **************testLoginStarted***************
2018-09-11 17:09:180 INFO  AssertionHelper:17 - making script PASS..
2018-09-11 17:09:181 INFO  TestBase:90 - **************testLoginFinished***************
2018-09-11 17:09:208 INFO  TestBase:72 - **************testLogin1Started***************
2018-09-11 17:09:209 INFO  AssertionHelper:27 - making script FAIL..
2018-09-11 17:09:213 INFO  TestBase:140 - driver is null..
2018-09-11 17:09:214 INFO  TestBase:90 - **************testLogin1Finished***************
2018-09-11 17:09:241 INFO  TestBase:72 - **************testLogin2Started***************
2018-09-11 17:09:242 INFO  AssertionHelper:17 - making script PASS..
2018-09-11 17:09:246 INFO  TestBase:90 - **************testLogin2Finished***************
2018-09-11 17:09:304 INFO  TestBase:72 - **************testLogin3Started***************
2018-09-11 17:09:307 INFO  AssertionHelper:27 - making script FAIL..
2018-09-11 17:09:310 INFO  TestBase:140 - driver is null..
2018-09-11 17:09:311 INFO  TestBase:90 - **************testLogin3Finished***************
